-------------------------------------------------------------------------------
Test set: runners.TestRunner
-------------------------------------------------------------------------------
Tests run: 4, Failures: 0, Errors: 4, Skipped: 0, Time elapsed: 1.119 s <<< FAILURE! - in runners.TestRunner
Login with multiple sets of credentials(Login Feature)  Time elapsed: 0.272 s  <<< ERROR!
org.openqa.selenium.remote.NoSuchDriverException: 
Unable to obtain: msedgedriver, error msedgedriver must exist: D:\BSSE\demo\drivers\msedgedriver.exe
For documentation on this error, please visit: https://www.selenium.dev/documentation/webdriver/troubleshooting/errors/driver_location/
Build info: version: '4.25.0', revision: '8a8aea2337'
System info: os.name: 'Windows 10', os.arch: 'amd64', os.version: '10.0', java.version: '21.0.3'
Driver info: driver.version: EdgeDriver
Caused by: java.lang.IllegalStateException: msedgedriver must exist: D:\BSSE\demo\drivers\msedgedriver.exe

Login with multiple sets of credentials(Login Feature)  Time elapsed: 0.273 s  <<< ERROR!
org.openqa.selenium.remote.NoSuchDriverException: 
Unable to obtain: msedgedriver, error msedgedriver must exist: D:\BSSE\demo\drivers\msedgedriver.exe
For documentation on this error, please visit: https://www.selenium.dev/documentation/webdriver/troubleshooting/errors/driver_location/
Build info: version: '4.25.0', revision: '8a8aea2337'
System info: os.name: 'Windows 10', os.arch: 'amd64', os.version: '10.0', java.version: '21.0.3'
Driver info: driver.version: EdgeDriver
Caused by: java.lang.IllegalStateException: msedgedriver must exist: D:\BSSE\demo\drivers\msedgedriver.exe

Search for a product(Search Feature)  Time elapsed: 0.03 s  <<< ERROR!
org.openqa.selenium.remote.NoSuchDriverException: 
Unable to obtain: msedgedriver, error msedgedriver must exist: D:\BSSE\demo\drivers\msedgedriver.exe
For documentation on this error, please visit: https://www.selenium.dev/documentation/webdriver/troubleshooting/errors/driver_location/
Build info: version: '4.25.0', revision: '8a8aea2337'
System info: os.name: 'Windows 10', os.arch: 'amd64', os.version: '10.0', java.version: '21.0.3'
Driver info: driver.version: EdgeDriver
Caused by: java.lang.IllegalStateException: msedgedriver must exist: D:\BSSE\demo\drivers\msedgedriver.exe

Search for a product(Search Feature)  Time elapsed: 0.031 s  <<< ERROR!
org.openqa.selenium.remote.NoSuchDriverException: 
Unable to obtain: msedgedriver, error msedgedriver must exist: D:\BSSE\demo\drivers\msedgedriver.exe
For documentation on this error, please visit: https://www.selenium.dev/documentation/webdriver/troubleshooting/errors/driver_location/
Build info: version: '4.25.0', revision: '8a8aea2337'
System info: os.name: 'Windows 10', os.arch: 'amd64', os.version: '10.0', java.version: '21.0.3'
Driver info: driver.version: EdgeDriver
Caused by: java.lang.IllegalStateException: msedgedriver must exist: D:\BSSE\demo\drivers\msedgedriver.exe

